<?xml version="1.0" encoding="UTF-8"?>
<testsuite name="models.SalaTest" tests="7" skipped="0" failures="0" errors="0" timestamp="2023-01-06T18:47:11" hostname="JIAPC" time="0.04">
  <properties/>
  <testcase name="rowLetterToNumberTest()" classname="models.SalaTest" time="0.023"/>
  <testcase name="changeSeatStatusToReservedTest()" classname="models.SalaTest" time="0.002"/>
  <testcase name="changeSeatStatusToOccupiedTest()" classname="models.SalaTest" time="0.001"/>
  <testcase name="doesColumnExistTest()" classname="models.SalaTest" time="0.009"/>
  <testcase name="isSeatReservedTest()" classname="models.SalaTest" time="0.001"/>
  <testcase name="doesRowExistTest()" classname="models.SalaTest" time="0.001"/>
  <testcase name="changeSeatStatusToFreeTest()" classname="models.SalaTest" time="0.0"/>
  <system-out><![CDATA[]]></system-out>
  <system-err><![CDATA[]]></system-err>
</testsuite>
